This file contains any messages produced by compilers while
running configure, to aid debugging if configure makes a mistake.

It was created by SISCone configure 3.0.6, which was
generated by GNU Autoconf 2.71.  Invocation command line was

  $ ./configure --disable-option-checking --prefix=/workspaces/JetClustering-CP2P2024/fastjet-3.4.2/../fastjet-install --cache-file=/dev/null --srcdir=.

## --------- ##
## Platform. ##
## --------- ##

hostname = codespaces-11fe91
uname -m = x86_64
uname -r = 6.2.0-1019-azure
uname -s = Linux
uname -v = #19~22.04.1-Ubuntu SMP Wed Jan 10 22:57:03 UTC 2024

/usr/bin/uname -p = x86_64
/bin/uname -X     = unknown

/bin/arch              = x86_64
/usr/bin/arch -k       = unknown
/usr/convex/getsysinfo = unknown
/usr/bin/hostinfo      = unknown
/bin/machine           = unknown
/usr/bin/oslevel       = unknown
/bin/universe          = unknown

PATH: /workspaces/JetClustering-CP2P2024/root/bin/
PATH: /vscode/bin/linux-x64/e170252f762678dec6ca2cc69aba1570769a5d39/bin/remote-cli/
PATH: /usr/local/sbin/
PATH: /usr/local/bin/
PATH: /usr/sbin/
PATH: /usr/bin/
PATH: /sbin/
PATH: /bin/


## ----------- ##
## Core tests. ##
## ----------- ##

configure:2762: looking for aux files: config.guess config.sub ltmain.sh compile missing install-sh
configure:2775:  trying ./
configure:2804:   ./config.guess found
configure:2804:   ./config.sub found
configure:2804:   ./ltmain.sh found
configure:2804:   ./compile found
configure:2804:   ./missing found
configure:2786:   ./install-sh found
configure:2934: checking for a BSD-compatible install
configure:3007: result: /usr/bin/install -c
configure:3018: checking whether build environment is sane
configure:3073: result: yes
configure:3230: checking for a race-free mkdir -p
configure:3274: result: /usr/bin/mkdir -p
configure:3281: checking for gawk
configure:3316: result: no
configure:3281: checking for mawk
configure:3302: found /usr/bin/mawk
configure:3313: result: mawk
configure:3324: checking whether make sets $(MAKE)
configure:3347: result: yes
configure:3377: checking whether make supports nested variables
configure:3395: result: yes
configure:3553: checking whether make supports the include directive
configure:3568: make -f confmf.GNU && cat confinc.out
this is the am__doit target
configure:3571: $? = 0
configure:3590: result: yes (GNU style)
configure:3666: checking for gcc
configure:3687: found /usr/bin/gcc
configure:3698: result: gcc
configure:4051: checking for C compiler version
configure:4060: gcc --version >&5
gcc (Ubuntu 9.4.0-1ubuntu1~20.04.2) 9.4.0
Copyright (C) 2019 Free Software Foundation, Inc.
This is free software; see the source for copying conditions.  There is NO
warranty; not even for MERCHANTABILITY or FITNESS FOR A PARTICULAR PURPOSE.

configure:4071: $? = 0
configure:4060: gcc -v >&5
Using built-in specs.
COLLECT_GCC=gcc
COLLECT_LTO_WRAPPER=/usr/lib/gcc/x86_64-linux-gnu/9/lto-wrapper
OFFLOAD_TARGET_NAMES=nvptx-none:hsa
OFFLOAD_TARGET_DEFAULT=1
Target: x86_64-linux-gnu
Configured with: ../src/configure -v --with-pkgversion='Ubuntu 9.4.0-1ubuntu1~20.04.2' --with-bugurl=file:///usr/share/doc/gcc-9/README.Bugs --enable-languages=c,ada,c++,go,brig,d,fortran,objc,obj-c++,gm2 --prefix=/usr --with-gcc-major-version-only --program-suffix=-9 --program-prefix=x86_64-linux-gnu- --enable-shared --enable-linker-build-id --libexecdir=/usr/lib --without-included-gettext --enable-threads=posix --libdir=/usr/lib --enable-nls --enable-clocale=gnu --enable-libstdcxx-debug --enable-libstdcxx-time=yes --with-default-libstdcxx-abi=new --enable-gnu-unique-object --disable-vtable-verify --enable-plugin --enable-default-pie --with-system-zlib --with-target-system-zlib=auto --enable-objc-gc=auto --enable-multiarch --disable-werror --with-arch-32=i686 --with-abi=m64 --with-multilib-list=m32,m64,mx32 --enable-multilib --with-tune=generic --enable-offload-targets=nvptx-none=/build/gcc-9-9QDOt0/gcc-9-9.4.0/debian/tmp-nvptx/usr,hsa --without-cuda-driver --enable-checking=release --build=x86_64-linux-gnu --host=x86_64-linux-gnu --target=x86_64-linux-gnu
Thread model: posix
gcc version 9.4.0 (Ubuntu 9.4.0-1ubuntu1~20.04.2) 
configure:4071: $? = 0
configure:4060: gcc -V >&5
gcc: error: unrecognized command line option '-V'
gcc: fatal error: no input files
compilation terminated.
configure:4071: $? = 1
configure:4060: gcc -qversion >&5
gcc: error: unrecognized command line option '-qversion'; did you mean '--version'?
gcc: fatal error: no input files
compilation terminated.
configure:4071: $? = 1
configure:4060: gcc -version >&5
gcc: error: unrecognized command line option '-version'
gcc: fatal error: no input files
compilation terminated.
configure:4071: $? = 1
configure:4091: checking whether the C compiler works
configure:4113: gcc    conftest.c  >&5
configure:4117: $? = 0
configure:4167: result: yes
configure:4170: checking for C compiler default output file name
configure:4172: result: a.out
configure:4178: checking for suffix of executables
configure:4185: gcc -o conftest    conftest.c  >&5
configure:4189: $? = 0
configure:4212: result: 
configure:4234: checking whether we are cross compiling
configure:4242: gcc -o conftest    conftest.c  >&5
configure:4246: $? = 0
configure:4253: ./conftest
configure:4257: $? = 0
configure:4245: result: no
configure:4250: checking for suffix of object files
configure:4273: gcc -c   conftest.c >&5
configure:4277: $? = 0
configure:4299: result: o
configure:4303: checking whether the compiler supports GNU C
configure:4323: gcc -c   conftest.c >&5
configure:4323: $? = 0
configure:4333: result: yes
configure:4344: checking whether gcc accepts -g
configure:4365: gcc -c -g  conftest.c >&5
configure:4365: $? = 0
configure:4409: result: yes
configure:4429: checking for gcc option to enable C11 features
configure:4444: gcc  -c -g -O2  conftest.c >&5
configure:4444: $? = 0
configure:4462: result: none needed
configure:4578: checking whether gcc understands -c and -o together
configure:4601: gcc -c conftest.c -o conftest2.o
configure:4604: $? = 0
configure:4601: gcc -c conftest.c -o conftest2.o
configure:4604: $? = 0
configure:4616: result: yes
configure:4635: checking dependency style of gcc
configure:4747: result: gcc3
configure:4767: checking for stdio.h
configure:4767: gcc -c -g -O2  conftest.c >&5
configure:4767: $? = 0
configure:4767: result: yes
configure:4767: checking for stdlib.h
configure:4767: gcc -c -g -O2  conftest.c >&5
configure:4767: $? = 0
configure:4767: result: yes
configure:4767: checking for string.h
configure:4767: gcc -c -g -O2  conftest.c >&5
configure:4767: $? = 0
configure:4767: result: yes
configure:4767: checking for inttypes.h
configure:4767: gcc -c -g -O2  conftest.c >&5
configure:4767: $? = 0
configure:4767: result: yes
configure:4767: checking for stdint.h
configure:4767: gcc -c -g -O2  conftest.c >&5
configure:4767: $? = 0
configure:4767: result: yes
configure:4767: checking for strings.h
configure:4767: gcc -c -g -O2  conftest.c >&5
configure:4767: $? = 0
configure:4767: result: yes
configure:4767: checking for sys/stat.h
configure:4767: gcc -c -g -O2  conftest.c >&5
configure:4767: $? = 0
configure:4767: result: yes
configure:4767: checking for sys/types.h
configure:4767: gcc -c -g -O2  conftest.c >&5
configure:4767: $? = 0
configure:4767: result: yes
configure:4767: checking for unistd.h
configure:4767: gcc -c -g -O2  conftest.c >&5
configure:4767: $? = 0
configure:4767: result: yes
configure:4792: checking for int
configure:4792: gcc -c -g -O2  conftest.c >&5
configure:4792: $? = 0
configure:4792: gcc -c -g -O2  conftest.c >&5
conftest.c: In function 'main':
conftest.c:52:18: error: expected expression before ')' token
   52 | if (sizeof ((int)))
      |                  ^
configure:4792: $? = 1
configure: failed program was:
| /* confdefs.h */
| #define PACKAGE_NAME "SISCone"
| #define PACKAGE_TARNAME "siscone"
| #define PACKAGE_VERSION "3.0.6"
| #define PACKAGE_STRING "SISCone 3.0.6"
| #define PACKAGE_BUGREPORT ""
| #define PACKAGE_URL ""
| #define PACKAGE "siscone"
| #define VERSION "3.0.6"
| #define HAVE_STDIO_H 1
| #define HAVE_STDLIB_H 1
| #define HAVE_STRING_H 1
| #define HAVE_INTTYPES_H 1
| #define HAVE_STDINT_H 1
| #define HAVE_STRINGS_H 1
| #define HAVE_SYS_STAT_H 1
| #define HAVE_SYS_TYPES_H 1
| #define HAVE_UNISTD_H 1
| #define STDC_HEADERS 1
| /* end confdefs.h.  */
| #include <stddef.h>
| #ifdef HAVE_STDIO_H
| # include <stdio.h>
| #endif
| #ifdef HAVE_STDLIB_H
| # include <stdlib.h>
| #endif
| #ifdef HAVE_STRING_H
| # include <string.h>
| #endif
| #ifdef HAVE_INTTYPES_H
| # include <inttypes.h>
| #endif
| #ifdef HAVE_STDINT_H
| # include <stdint.h>
| #endif
| #ifdef HAVE_STRINGS_H
| # include <strings.h>
| #endif
| #ifdef HAVE_SYS_TYPES_H
| # include <sys/types.h>
| #endif
| #ifdef HAVE_SYS_STAT_H
| # include <sys/stat.h>
| #endif
| #ifdef HAVE_UNISTD_H
| # include <unistd.h>
| #endif
| int
| main (void)
| {
| if (sizeof ((int)))
| 	    return 0;
|   ;
|   return 0;
| }
configure:4792: result: yes
configure:4798: checking for long
configure:4798: gcc -c -g -O2  conftest.c >&5
configure:4798: $? = 0
configure:4798: gcc -c -g -O2  conftest.c >&5
conftest.c: In function 'main':
conftest.c:52:19: error: expected expression before ')' token
   52 | if (sizeof ((long)))
      |                   ^
configure:4798: $? = 1
configure: failed program was:
| /* confdefs.h */
| #define PACKAGE_NAME "SISCone"
| #define PACKAGE_TARNAME "siscone"
| #define PACKAGE_VERSION "3.0.6"
| #define PACKAGE_STRING "SISCone 3.0.6"
| #define PACKAGE_BUGREPORT ""
| #define PACKAGE_URL ""
| #define PACKAGE "siscone"
| #define VERSION "3.0.6"
| #define HAVE_STDIO_H 1
| #define HAVE_STDLIB_H 1
| #define HAVE_STRING_H 1
| #define HAVE_INTTYPES_H 1
| #define HAVE_STDINT_H 1
| #define HAVE_STRINGS_H 1
| #define HAVE_SYS_STAT_H 1
| #define HAVE_SYS_TYPES_H 1
| #define HAVE_UNISTD_H 1
| #define STDC_HEADERS 1
| /* end confdefs.h.  */
| #include <stddef.h>
| #ifdef HAVE_STDIO_H
| # include <stdio.h>
| #endif
| #ifdef HAVE_STDLIB_H
| # include <stdlib.h>
| #endif
| #ifdef HAVE_STRING_H
| # include <string.h>
| #endif
| #ifdef HAVE_INTTYPES_H
| # include <inttypes.h>
| #endif
| #ifdef HAVE_STDINT_H
| # include <stdint.h>
| #endif
| #ifdef HAVE_STRINGS_H
| # include <strings.h>
| #endif
| #ifdef HAVE_SYS_TYPES_H
| # include <sys/types.h>
| #endif
| #ifdef HAVE_SYS_STAT_H
| # include <sys/stat.h>
| #endif
| #ifdef HAVE_UNISTD_H
| # include <unistd.h>
| #endif
| int
| main (void)
| {
| if (sizeof ((long)))
| 	    return 0;
|   ;
|   return 0;
| }
configure:4798: result: yes
configure:4876: checking for g++
configure:4897: found /usr/bin/g++
configure:4908: result: g++
configure:4935: checking for C++ compiler version
configure:4944: g++ --version >&5
g++ (Ubuntu 9.4.0-1ubuntu1~20.04.2) 9.4.0
Copyright (C) 2019 Free Software Foundation, Inc.
This is free software; see the source for copying conditions.  There is NO
warranty; not even for MERCHANTABILITY or FITNESS FOR A PARTICULAR PURPOSE.

configure:4955: $? = 0
configure:4944: g++ -v >&5
Using built-in specs.
COLLECT_GCC=g++
COLLECT_LTO_WRAPPER=/usr/lib/gcc/x86_64-linux-gnu/9/lto-wrapper
OFFLOAD_TARGET_NAMES=nvptx-none:hsa
OFFLOAD_TARGET_DEFAULT=1
Target: x86_64-linux-gnu
Configured with: ../src/configure -v --with-pkgversion='Ubuntu 9.4.0-1ubuntu1~20.04.2' --with-bugurl=file:///usr/share/doc/gcc-9/README.Bugs --enable-languages=c,ada,c++,go,brig,d,fortran,objc,obj-c++,gm2 --prefix=/usr --with-gcc-major-version-only --program-suffix=-9 --program-prefix=x86_64-linux-gnu- --enable-shared --enable-linker-build-id --libexecdir=/usr/lib --without-included-gettext --enable-threads=posix --libdir=/usr/lib --enable-nls --enable-clocale=gnu --enable-libstdcxx-debug --enable-libstdcxx-time=yes --with-default-libstdcxx-abi=new --enable-gnu-unique-object --disable-vtable-verify --enable-plugin --enable-default-pie --with-system-zlib --with-target-system-zlib=auto --enable-objc-gc=auto --enable-multiarch --disable-werror --with-arch-32=i686 --with-abi=m64 --with-multilib-list=m32,m64,mx32 --enable-multilib --with-tune=generic --enable-offload-targets=nvptx-none=/build/gcc-9-9QDOt0/gcc-9-9.4.0/debian/tmp-nvptx/usr,hsa --without-cuda-driver --enable-checking=release --build=x86_64-linux-gnu --host=x86_64-linux-gnu --target=x86_64-linux-gnu
Thread model: posix
gcc version 9.4.0 (Ubuntu 9.4.0-1ubuntu1~20.04.2) 
configure:4955: $? = 0
configure:4944: g++ -V >&5
g++: error: unrecognized command line option '-V'
g++: fatal error: no input files
compilation terminated.
configure:4955: $? = 1
configure:4944: g++ -qversion >&5
g++: error: unrecognized command line option '-qversion'; did you mean '--version'?
g++: fatal error: no input files
compilation terminated.
configure:4955: $? = 1
configure:4959: checking whether the compiler supports GNU C++
configure:4979: g++ -c -O3 -Wall  conftest.cpp >&5
configure:4979: $? = 0
configure:4989: result: yes
configure:5000: checking whether g++ accepts -g
configure:5021: g++ -c -g  conftest.cpp >&5
configure:5021: $? = 0
configure:5065: result: yes
configure:5085: checking for g++ option to enable C++11 features
configure:5100: g++  -c -O3 -Wall  conftest.cpp >&5
conftest.cpp: In function 'int main(int, char**)':
conftest.cpp:144:8: warning: unused variable 'a1' [-Wunused-variable]
  144 |   auto a1 = 6538;
      |        ^~
conftest.cpp:151:16: warning: unused variable 'a4' [-Wunused-variable]
  151 |   decltype(a2) a4 = 34895.034;
      |                ^~
conftest.cpp:155:9: warning: unused variable 'sa' [-Wunused-variable]
  155 |   short sa[cxx11test::get_val()] = { 0 };
      |         ^~
conftest.cpp:159:23: warning: unused variable 'il' [-Wunused-variable]
  159 |   cxx11test::testinit il = { 4323, 435234.23544 };
      |                       ^~
conftest.cpp:180:8: warning: unused variable 'a' [-Wunused-variable]
  180 |   auto a = sum(1);
      |        ^
conftest.cpp:181:8: warning: unused variable 'b' [-Wunused-variable]
  181 |   auto b = sum(1, 2);
      |        ^
conftest.cpp:182:8: warning: unused variable 'c' [-Wunused-variable]
  182 |   auto c = sum(1.0, 2.0, 3.0);
      |        ^
conftest.cpp:196:9: warning: unused variable 'c' [-Wunused-variable]
  196 |   char *c = nullptr;
      |         ^
conftest.cpp:204:15: warning: unused variable 'utf8' [-Wunused-variable]
  204 |   char const *utf8 = u8"UTF-8 string \u2500";
      |               ^~~~
conftest.cpp:205:19: warning: unused variable 'utf16' [-Wunused-variable]
  205 |   char16_t const *utf16 = u"UTF-8 string \u2500";
      |                   ^~~~~
conftest.cpp:206:19: warning: unused variable 'utf32' [-Wunused-variable]
  206 |   char32_t const *utf32 = U"UTF-32 string \u2500";
      |                   ^~~~~
configure:5100: $? = 0
configure:5118: result: none needed
configure:5184: checking dependency style of g++
configure:5296: result: gcc3
configure:5312: checking whether ln -s works
configure:5316: result: yes
configure:5323: checking whether make sets $(MAKE)
configure:5346: result: yes
configure:5356: checking for grep that handles long lines and -e
configure:5420: result: /usr/bin/grep
configure:5428: checking for egrep
configure:5496: result: /usr/bin/grep -E
configure:5519: checking for cos in -lm
configure:5542: gcc -o conftest -g -O2   conftest.c -lm   >&5
conftest.c:25:6: warning: conflicting types for built-in function 'cos'; expected 'double(double)' [-Wbuiltin-declaration-mismatch]
   25 | char cos ();
      |      ^~~
conftest.c:1:1: note: 'cos' is declared in header '<math.h>'
    1 | /* confdefs.h */
configure:5542: $? = 0
configure:5552: result: yes
configure:5596: checking build system type
configure:5611: result: x86_64-pc-linux-gnu
configure:5631: checking host system type
configure:5645: result: x86_64-pc-linux-gnu
configure:5686: checking how to print strings
configure:5713: result: printf
configure:5734: checking for a sed that does not truncate output
configure:5804: result: /usr/bin/sed
configure:5822: checking for fgrep
configure:5890: result: /usr/bin/grep -F
configure:5926: checking for ld used by gcc
configure:5994: result: /usr/bin/ld
configure:6001: checking if the linker (/usr/bin/ld) is GNU ld
configure:6017: result: yes
configure:6029: checking for BSD- or MS-compatible name lister (nm)
configure:6084: result: /usr/bin/nm -B
configure:6224: checking the name lister (/usr/bin/nm -B) interface
configure:6232: gcc -c -g -O2  conftest.c >&5
configure:6235: /usr/bin/nm -B "conftest.o"
configure:6238: output
0000000000000000 B some_variable
configure:6239: result: BSD nm
configure:6243: checking the maximum length of command line arguments
configure:6375: result: 1572864
configure:6423: checking how to convert x86_64-pc-linux-gnu file names to x86_64-pc-linux-gnu format
configure:6464: result: func_convert_file_noop
configure:6471: checking how to convert x86_64-pc-linux-gnu file names to toolchain format
configure:6492: result: func_convert_file_noop
configure:6499: checking for /usr/bin/ld option to reload object files
configure:6507: result: -r
configure:6586: checking for file
configure:6607: found /usr/bin/file
configure:6618: result: file
configure:6694: checking for objdump
configure:6715: found /usr/bin/objdump
configure:6726: result: objdump
configure:6758: checking how to recognize dependent libraries
configure:6959: result: pass_all
configure:7049: checking for dlltool
configure:7084: result: no
configure:7114: checking how to associate runtime and link libraries
configure:7142: result: printf %s\n
configure:7207: checking for ar
configure:7228: found /usr/bin/ar
configure:7239: result: ar
configure:7292: checking for archiver @FILE support
configure:7310: gcc -c -g -O2  conftest.c >&5
configure:7310: $? = 0
configure:7314: ar cr libconftest.a @conftest.lst >&5
configure:7317: $? = 0
configure:7322: ar cr libconftest.a @conftest.lst >&5
ar: conftest.o: No such file or directory
configure:7325: $? = 1
configure:7324: result: @
configure:7387: checking for strip
configure:7408: found /usr/bin/strip
configure:7419: result: strip
configure:7496: checking for ranlib
configure:7517: found /usr/bin/ranlib
configure:7528: result: ranlib
configure:7630: checking command to parse /usr/bin/nm -B output from gcc object
configure:7784: gcc -c -g -O2  conftest.c >&5
configure:7787: $? = 0
configure:7791: /usr/bin/nm -B conftest.o | /usr/bin/sed -n -e 's/^.*[	 ]\([ABCDGIRSTW][ABCDGIRSTW]*\)[	 ][	 ]*\([_A-Za-z][_A-Za-z0-9]*\)$/\1 \2 \2/p' | /usr/bin/sed '/ __gnu_lto/d' > conftest.nm
configure:7857: gcc -o conftest -g -O2   conftest.c conftstm.o >&5
configure:7860: $? = 0
configure:7898: result: ok
configure:7945: checking for sysroot
configure:7976: result: no
configure:7983: checking for a working dd
configure:8027: result: /usr/bin/dd
configure:8031: checking how to truncate binary pipes
configure:8047: result: /usr/bin/dd bs=4096 count=1
configure:8184: gcc -c -g -O2  conftest.c >&5
configure:8187: $? = 0
configure:8384: checking for mt
configure:8419: result: no
configure:8439: checking if : is a manifest tool
configure:8446: : '-?'
configure:8454: result: no
configure:9175: checking for dlfcn.h
configure:9175: gcc -c -g -O2  conftest.c >&5
configure:9175: $? = 0
configure:9175: result: yes
configure:9445: checking for objdir
configure:9461: result: .libs
configure:9725: checking if gcc supports -fno-rtti -fno-exceptions
configure:9744: gcc -c -g -O2  -fno-rtti -fno-exceptions conftest.c >&5
cc1: warning: command line option '-fno-rtti' is valid for C++/D/ObjC++ but not for C
configure:9748: $? = 0
configure:9761: result: no
configure:10125: checking for gcc option to produce PIC
configure:10133: result: -fPIC -DPIC
configure:10141: checking if gcc PIC flag -fPIC -DPIC works
configure:10160: gcc -c -g -O2  -fPIC -DPIC -DPIC conftest.c >&5
configure:10164: $? = 0
configure:10177: result: yes
configure:10206: checking if gcc static flag -static works
configure:10235: result: yes
configure:10250: checking if gcc supports -c -o file.o
configure:10272: gcc -c -g -O2  -o out/conftest2.o conftest.c >&5
configure:10276: $? = 0
configure:10298: result: yes
configure:10306: checking if gcc supports -c -o file.o
configure:10354: result: yes
configure:10387: checking whether the gcc linker (/usr/bin/ld -m elf_x86_64) supports shared libraries
configure:11661: result: yes
configure:11698: checking whether -lc should be explicitly linked in
configure:11707: gcc -c -g -O2  conftest.c >&5
configure:11710: $? = 0
configure:11725: gcc -shared  -fPIC -DPIC conftest.o  -v -Wl,-soname -Wl,conftest -o conftest 2\>\&1 \| /usr/bin/grep  -lc  \>/dev/null 2\>\&1
configure:11728: $? = 0
configure:11742: result: no
configure:11902: checking dynamic linker characteristics
configure:12484: gcc -o conftest -g -O2   -Wl,-rpath -Wl,/foo conftest.c -lm  >&5
configure:12484: $? = 0
configure:12735: result: GNU/Linux ld.so
configure:12857: checking how to hardcode library paths into programs
configure:12882: result: immediate
configure:13434: checking whether stripping libraries is possible
configure:13443: result: yes
configure:13485: checking if libtool supports shared libraries
configure:13487: result: yes
configure:13490: checking whether to build shared libraries
configure:13515: result: yes
configure:13518: checking whether to build static libraries
configure:13522: result: yes
configure:10290: checking how to run the C++ preprocessor
configure:10312: g++ -E  conftest.cpp
configure:10312: $? = 0
configure:10327: g++ -E  conftest.cpp
conftest.cpp:24:10: fatal error: ac_nonexistent.h: No such file or directory
   24 | #include <ac_nonexistent.h>
      |          ^~~~~~~~~~~~~~~~~~
compilation terminated.
configure:10327: $? = 1
configure: failed program was:
| /* confdefs.h */
| #define PACKAGE_NAME "SISCone"
| #define PACKAGE_TARNAME "siscone"
| #define PACKAGE_VERSION "3.0.6"
| #define PACKAGE_STRING "SISCone 3.0.6"
| #define PACKAGE_BUGREPORT ""
| #define PACKAGE_URL ""
| #define PACKAGE "siscone"
| #define VERSION "3.0.6"
| #define HAVE_STDIO_H 1
| #define HAVE_STDLIB_H 1
| #define HAVE_STRING_H 1
| #define HAVE_INTTYPES_H 1
| #define HAVE_STDINT_H 1
| #define HAVE_STRINGS_H 1
| #define HAVE_SYS_STAT_H 1
| #define HAVE_SYS_TYPES_H 1
| #define HAVE_UNISTD_H 1
| #define STDC_HEADERS 1
| #define HAVE_LIBM 1
| #define HAVE_DLFCN_H 1
| #define LT_OBJDIR ".libs/"
| /* end confdefs.h.  */
| #include <ac_nonexistent.h>
configure:10354: result: g++ -E
configure:10368: g++ -E  conftest.cpp
configure:10368: $? = 0
configure:10383: g++ -E  conftest.cpp
conftest.cpp:24:10: fatal error: ac_nonexistent.h: No such file or directory
   24 | #include <ac_nonexistent.h>
      |          ^~~~~~~~~~~~~~~~~~
compilation terminated.
configure:10383: $? = 1
configure: failed program was:
| /* confdefs.h */
| #define PACKAGE_NAME "SISCone"
| #define PACKAGE_TARNAME "siscone"
| #define PACKAGE_VERSION "3.0.6"
| #define PACKAGE_STRING "SISCone 3.0.6"
| #define PACKAGE_BUGREPORT ""
| #define PACKAGE_URL ""
| #define PACKAGE "siscone"
| #define VERSION "3.0.6"
| #define HAVE_STDIO_H 1
| #define HAVE_STDLIB_H 1
| #define HAVE_STRING_H 1
| #define HAVE_INTTYPES_H 1
| #define HAVE_STDINT_H 1
| #define HAVE_STRINGS_H 1
| #define HAVE_SYS_STAT_H 1
| #define HAVE_SYS_TYPES_H 1
| #define HAVE_UNISTD_H 1
| #define STDC_HEADERS 1
| #define HAVE_LIBM 1
| #define HAVE_DLFCN_H 1
| #define LT_OBJDIR ".libs/"
| /* end confdefs.h.  */
| #include <ac_nonexistent.h>
configure:10548: checking for ld used by g++
configure:10616: result: /usr/bin/ld -m elf_x86_64
configure:10623: checking if the linker (/usr/bin/ld -m elf_x86_64) is GNU ld
configure:10639: result: yes
configure:10694: checking whether the g++ linker (/usr/bin/ld -m elf_x86_64) supports shared libraries
configure:11772: result: yes
configure:11808: g++ -c -O3 -Wall -g   conftest.cpp >&5
configure:11811: $? = 0
configure:12292: checking for g++ option to produce PIC
configure:12300: result: -fPIC -DPIC
configure:12308: checking if g++ PIC flag -fPIC -DPIC works
configure:12327: g++ -c -O3 -Wall -g   -fPIC -DPIC -DPIC conftest.cpp >&5
configure:12331: $? = 0
configure:12344: result: yes
configure:12367: checking if g++ static flag -static works
configure:12396: result: yes
configure:12408: checking if g++ supports -c -o file.o
configure:12430: g++ -c -O3 -Wall -g   -o out/conftest2.o conftest.cpp >&5
configure:12434: $? = 0
configure:12456: result: yes
configure:12461: checking if g++ supports -c -o file.o
configure:12509: result: yes
configure:12539: checking whether the g++ linker (/usr/bin/ld -m elf_x86_64) supports shared libraries
configure:12582: result: yes
configure:12724: checking dynamic linker characteristics
configure:13484: result: GNU/Linux ld.so
configure:13549: checking how to hardcode library paths into programs
configure:13574: result: immediate
configure:12462: checking if g++ -O3 -Wall -g  considers atd::auto_ptr as deprecated
configure:12483: g++ -c -O3 -Wall -g  -Werror=deprecated-declarations  conftest.cpp >&5
conftest.cpp: In function 'int main()':
conftest.cpp:28:26: error: 'template<class> class std::auto_ptr' is deprecated [-Werror=deprecated-declarations]
   28 | int *a= new int(1); std::auto_ptr<int> b; b.reset(a);
      |                          ^~~~~~~~
In file included from /usr/include/c++/9/memory:80,
                 from conftest.cpp:24:
/usr/include/c++/9/bits/unique_ptr.h:53:28: note: declared here
   53 |   template<typename> class auto_ptr;
      |                            ^~~~~~~~
cc1plus: some warnings being treated as errors
configure:12483: $? = 1
configure: failed program was:
| /* confdefs.h */
| #define PACKAGE_NAME "SISCone"
| #define PACKAGE_TARNAME "siscone"
| #define PACKAGE_VERSION "3.0.6"
| #define PACKAGE_STRING "SISCone 3.0.6"
| #define PACKAGE_BUGREPORT ""
| #define PACKAGE_URL ""
| #define PACKAGE "siscone"
| #define VERSION "3.0.6"
| #define HAVE_STDIO_H 1
| #define HAVE_STDLIB_H 1
| #define HAVE_STRING_H 1
| #define HAVE_INTTYPES_H 1
| #define HAVE_STDINT_H 1
| #define HAVE_STRINGS_H 1
| #define HAVE_SYS_STAT_H 1
| #define HAVE_SYS_TYPES_H 1
| #define HAVE_UNISTD_H 1
| #define STDC_HEADERS 1
| #define HAVE_LIBM 1
| #define HAVE_DLFCN_H 1
| #define LT_OBJDIR ".libs/"
| /* end confdefs.h.  */
| #include <memory>
| int
| main (void)
| {
| int *a= new int(1); std::auto_ptr<int> b; b.reset(a);
|   ;
|   return 0;
| }
configure:12490: result: yes
configure:12493: checking if g++ -O3 -Wall -g  -Werror=deprecated-declarations supports atd::unique_ptr
configure:12506: g++ -c -O3 -Wall -g  -Werror=deprecated-declarations  conftest.cpp >&5
configure:12506: $? = 0
configure:12518: result: yes
configure:12634: checking that generated files are newer than configure
configure:12640: result: done
configure:12667: creating ./config.status

## ---------------------- ##
## Running config.status. ##
## ---------------------- ##

This file was extended by SISCone config.status 3.0.6, which was
generated by GNU Autoconf 2.71.  Invocation command line was

  CONFIG_FILES    = 
  CONFIG_HEADERS  = 
  CONFIG_LINKS    = 
  CONFIG_COMMANDS = 
  $ ./config.status 

on codespaces-11fe91

config.status:1149: creating Makefile
config.status:1149: creating siscone/Makefile
config.status:1149: creating siscone/spherical/Makefile
config.status:1149: creating examples/Makefile
config.status:1149: creating examples/events/Makefile
config.status:1149: creating siscone/config_raw.h
config.status:1378: executing siscone/config.h commands
config.status:1416: creating siscone/config.h - prefix SISCONE for siscone/config_raw.h defines
config.status:1378: executing depfiles commands
config.status:1545: cd siscone       && sed -e '/# am--include-marker/d' Makefile         | make -f - am--depfiles
config.status:1550: $? = 0
config.status:1545: cd siscone/spherical       && sed -e '/# am--include-marker/d' Makefile         | make -f - am--depfiles
config.status:1550: $? = 0
config.status:1545: cd examples       && sed -e '/# am--include-marker/d' Makefile         | make -f - am--depfiles
config.status:1550: $? = 0
config.status:1378: executing libtool commands

## ---------------- ##
## Cache variables. ##
## ---------------- ##

ac_cv_build=x86_64-pc-linux-gnu
ac_cv_c_compiler_gnu=yes
ac_cv_cxx_compiler_gnu=yes
ac_cv_env_CCC_set=
ac_cv_env_CCC_value=
ac_cv_env_CC_set=
ac_cv_env_CC_value=
ac_cv_env_CFLAGS_set=
ac_cv_env_CFLAGS_value=
ac_cv_env_CPPFLAGS_set=
ac_cv_env_CPPFLAGS_value=
ac_cv_env_CXXCPP_set=
ac_cv_env_CXXCPP_value=
ac_cv_env_CXXFLAGS_set=
ac_cv_env_CXXFLAGS_value=
ac_cv_env_CXX_set=
ac_cv_env_CXX_value=
ac_cv_env_LDFLAGS_set=
ac_cv_env_LDFLAGS_value=
ac_cv_env_LIBS_set=
ac_cv_env_LIBS_value=
ac_cv_env_LT_SYS_LIBRARY_PATH_set=
ac_cv_env_LT_SYS_LIBRARY_PATH_value=
ac_cv_env_build_alias_set=
ac_cv_env_build_alias_value=
ac_cv_env_host_alias_set=
ac_cv_env_host_alias_value=
ac_cv_env_target_alias_set=
ac_cv_env_target_alias_value=
ac_cv_header_dlfcn_h=yes
ac_cv_header_inttypes_h=yes
ac_cv_header_stdint_h=yes
ac_cv_header_stdio_h=yes
ac_cv_header_stdlib_h=yes
ac_cv_header_string_h=yes
ac_cv_header_strings_h=yes
ac_cv_header_sys_stat_h=yes
ac_cv_header_sys_types_h=yes
ac_cv_header_unistd_h=yes
ac_cv_host=x86_64-pc-linux-gnu
ac_cv_lib_m_cos=yes
ac_cv_objext=o
ac_cv_path_EGREP='/usr/bin/grep -E'
ac_cv_path_FGREP='/usr/bin/grep -F'
ac_cv_path_GREP=/usr/bin/grep
ac_cv_path_SED=/usr/bin/sed
ac_cv_path_install='/usr/bin/install -c'
ac_cv_path_lt_DD=/usr/bin/dd
ac_cv_path_mkdir=/usr/bin/mkdir
ac_cv_prog_AWK=mawk
ac_cv_prog_CXXCPP='g++ -E'
ac_cv_prog_ac_ct_AR=ar
ac_cv_prog_ac_ct_CC=gcc
ac_cv_prog_ac_ct_CXX=g++
ac_cv_prog_ac_ct_FILECMD=file
ac_cv_prog_ac_ct_OBJDUMP=objdump
ac_cv_prog_ac_ct_RANLIB=ranlib
ac_cv_prog_ac_ct_STRIP=strip
ac_cv_prog_cc_c11=
ac_cv_prog_cc_g=yes
ac_cv_prog_cc_stdc=
ac_cv_prog_cxx_cxx11=
ac_cv_prog_cxx_g=yes
ac_cv_prog_cxx_stdcxx=
ac_cv_prog_make_make_set=yes
ac_cv_type_int=yes
ac_cv_type_long=yes
am_cv_CC_dependencies_compiler_type=gcc3
am_cv_CXX_dependencies_compiler_type=gcc3
am_cv_make_support_nested_variables=yes
am_cv_prog_cc_c_o=yes
lt_cv_ar_at_file=@
lt_cv_archive_cmds_need_lc=no
lt_cv_deplibs_check_method=pass_all
lt_cv_file_magic_cmd='$MAGIC_CMD'
lt_cv_file_magic_test_file=
lt_cv_ld_reload_flag=-r
lt_cv_nm_interface='BSD nm'
lt_cv_objdir=.libs
lt_cv_path_LD=/usr/bin/ld
lt_cv_path_LDCXX='/usr/bin/ld -m elf_x86_64'
lt_cv_path_NM='/usr/bin/nm -B'
lt_cv_path_mainfest_tool=no
lt_cv_prog_compiler_c_o=yes
lt_cv_prog_compiler_c_o_CXX=yes
lt_cv_prog_compiler_pic='-fPIC -DPIC'
lt_cv_prog_compiler_pic_CXX='-fPIC -DPIC'
lt_cv_prog_compiler_pic_works=yes
lt_cv_prog_compiler_pic_works_CXX=yes
lt_cv_prog_compiler_rtti_exceptions=no
lt_cv_prog_compiler_static_works=yes
lt_cv_prog_compiler_static_works_CXX=yes
lt_cv_prog_gnu_ld=yes
lt_cv_prog_gnu_ldcxx=yes
lt_cv_sharedlib_from_linklib_cmd='printf %s\n'
lt_cv_shlibpath_overrides_runpath=yes
lt_cv_sys_global_symbol_pipe='/usr/bin/sed -n -e '\''s/^.*[	 ]\([ABCDGIRSTW][ABCDGIRSTW]*\)[	 ][	 ]*\([_A-Za-z][_A-Za-z0-9]*\)$/\1 \2 \2/p'\'' | /usr/bin/sed '\''/ __gnu_lto/d'\'''
lt_cv_sys_global_symbol_to_c_name_address='/usr/bin/sed -n -e '\''s/^: \(.*\) .*$/  {"\1", (void *) 0},/p'\'' -e '\''s/^[ABCDGIRSTW][ABCDGIRSTW]* .* \(.*\)$/  {"\1", (void *) \&\1},/p'\'''
lt_cv_sys_global_symbol_to_c_name_address_lib_prefix='/usr/bin/sed -n -e '\''s/^: \(.*\) .*$/  {"\1", (void *) 0},/p'\'' -e '\''s/^[ABCDGIRSTW][ABCDGIRSTW]* .* \(lib.*\)$/  {"\1", (void *) \&\1},/p'\'' -e '\''s/^[ABCDGIRSTW][ABCDGIRSTW]* .* \(.*\)$/  {"lib\1", (void *) \&\1},/p'\'''
lt_cv_sys_global_symbol_to_cdecl='/usr/bin/sed -n -e '\''s/^T .* \(.*\)$/extern int \1();/p'\'' -e '\''s/^[ABCDGIRSTW][ABCDGIRSTW]* .* \(.*\)$/extern char \1;/p'\'''
lt_cv_sys_global_symbol_to_import=
lt_cv_sys_max_cmd_len=1572864
lt_cv_to_host_file_cmd=func_convert_file_noop
lt_cv_to_tool_file_cmd=func_convert_file_noop
lt_cv_truncate_bin='/usr/bin/dd bs=4096 count=1'

## ----------------- ##
## Output variables. ##
## ----------------- ##

ACLOCAL='${SHELL} '\''/workspaces/JetClustering-CP2P2024/fastjet-3.4.2/plugins/SISCone/siscone/missing'\'' aclocal-1.16'
AMDEPBACKSLASH='\'
AMDEP_FALSE='#'
AMDEP_TRUE=''
AMTAR='$${TAR-tar}'
AM_BACKSLASH='\'
AM_DEFAULT_V='$(AM_DEFAULT_VERBOSITY)'
AM_DEFAULT_VERBOSITY='1'
AM_V='$(V)'
AR='ar'
AUTOCONF='${SHELL} '\''/workspaces/JetClustering-CP2P2024/fastjet-3.4.2/plugins/SISCone/siscone/missing'\'' autoconf'
AUTOHEADER='${SHELL} '\''/workspaces/JetClustering-CP2P2024/fastjet-3.4.2/plugins/SISCone/siscone/missing'\'' autoheader'
AUTOMAKE='${SHELL} '\''/workspaces/JetClustering-CP2P2024/fastjet-3.4.2/plugins/SISCone/siscone/missing'\'' automake-1.16'
AWK='mawk'
CC='gcc'
CCDEPMODE='depmode=gcc3'
CFLAGS='-g -O2'
CPPFLAGS=''
CSCOPE='cscope'
CTAGS='ctags'
CXX='g++'
CXXCPP='g++ -E'
CXXDEPMODE='depmode=gcc3'
CXXFLAGS='-O3 -Wall -g '
CYGPATH_W='echo'
DEFS='-DHAVE_CONFIG_H'
DEPDIR='.deps'
DLLTOOL='false'
DSYMUTIL=''
DUMPBIN=''
ECHO_C=''
ECHO_N='-n'
ECHO_T=''
EGREP='/usr/bin/grep -E'
ETAGS='etags'
EXEEXT=''
FGREP='/usr/bin/grep -F'
FILECMD='file'
GREP='/usr/bin/grep'
INSTALL_DATA='${INSTALL} -m 644'
INSTALL_PROGRAM='${INSTALL}'
INSTALL_SCRIPT='${INSTALL}'
INSTALL_STRIP_PROGRAM='$(install_sh) -c -s'
LD='/usr/bin/ld -m elf_x86_64'
LDFLAGS=''
LIBOBJS=''
LIBS='-lm '
LIBTOOL='$(SHELL) $(top_builddir)/libtool'
LIPO=''
LN_S='ln -s'
LTLIBOBJS=''
LT_SYS_LIBRARY_PATH=''
MAKEINFO='${SHELL} '\''/workspaces/JetClustering-CP2P2024/fastjet-3.4.2/plugins/SISCone/siscone/missing'\'' makeinfo'
MANIFEST_TOOL=':'
MKDIR_P='/usr/bin/mkdir -p'
NM='/usr/bin/nm -B'
NMEDIT=''
OBJDUMP='objdump'
OBJEXT='o'
OTOOL64=''
OTOOL=''
PACKAGE='siscone'
PACKAGE_BUGREPORT=''
PACKAGE_NAME='SISCone'
PACKAGE_STRING='SISCone 3.0.6'
PACKAGE_TARNAME='siscone'
PACKAGE_URL=''
PACKAGE_VERSION='3.0.6'
PATH_SEPARATOR=':'
RANLIB='ranlib'
SED='/usr/bin/sed'
SET_MAKE=''
SHELL='/bin/bash'
STRIP='strip'
VERSION='3.0.6'
ac_ct_AR='ar'
ac_ct_CC='gcc'
ac_ct_CXX='g++'
ac_ct_DUMPBIN=''
am__EXEEXT_FALSE=''
am__EXEEXT_TRUE='#'
am__fastdepCC_FALSE='#'
am__fastdepCC_TRUE=''
am__fastdepCXX_FALSE='#'
am__fastdepCXX_TRUE=''
am__include='include'
am__isrc=''
am__leading_dot='.'
am__nodep='_no'
am__quote=''
am__tar='$${TAR-tar} chof - "$$tardir"'
am__untar='$${TAR-tar} xf -'
bindir='${exec_prefix}/bin'
build='x86_64-pc-linux-gnu'
build_alias=''
build_cpu='x86_64'
build_os='linux-gnu'
build_vendor='pc'
datadir='${datarootdir}'
datarootdir='${prefix}/share'
docdir='${datarootdir}/doc/${PACKAGE_TARNAME}'
dvidir='${docdir}'
exec_prefix='${prefix}'
host='x86_64-pc-linux-gnu'
host_alias=''
host_cpu='x86_64'
host_os='linux-gnu'
host_vendor='pc'
htmldir='${docdir}'
includedir='${prefix}/include'
infodir='${datarootdir}/info'
install_sh='${SHELL} /workspaces/JetClustering-CP2P2024/fastjet-3.4.2/plugins/SISCone/siscone/install-sh'
libdir='${exec_prefix}/lib'
libexecdir='${exec_prefix}/libexec'
localedir='${datarootdir}/locale'
localstatedir='${prefix}/var'
mandir='${datarootdir}/man'
mkdir_p='$(MKDIR_P)'
oldincludedir='/usr/include'
pdfdir='${docdir}'
prefix='/workspaces/JetClustering-CP2P2024/fastjet-3.4.2/../fastjet-install'
program_transform_name='s,x,x,'
psdir='${docdir}'
runstatedir='${localstatedir}/run'
sbindir='${exec_prefix}/sbin'
sharedstatedir='${prefix}/com'
sysconfdir='${prefix}/etc'
target_alias=''

## ----------- ##
## confdefs.h. ##
## ----------- ##

/* confdefs.h */
#define PACKAGE_NAME "SISCone"
#define PACKAGE_TARNAME "siscone"
#define PACKAGE_VERSION "3.0.6"
#define PACKAGE_STRING "SISCone 3.0.6"
#define PACKAGE_BUGREPORT ""
#define PACKAGE_URL ""
#define PACKAGE "siscone"
#define VERSION "3.0.6"
#define HAVE_STDIO_H 1
#define HAVE_STDLIB_H 1
#define HAVE_STRING_H 1
#define HAVE_INTTYPES_H 1
#define HAVE_STDINT_H 1
#define HAVE_STRINGS_H 1
#define HAVE_SYS_STAT_H 1
#define HAVE_SYS_TYPES_H 1
#define HAVE_UNISTD_H 1
#define STDC_HEADERS 1
#define HAVE_LIBM 1
#define HAVE_DLFCN_H 1
#define LT_OBJDIR ".libs/"
#define USES_UNIQUE_PTR_AS_AUTO_PTR /**/

configure: exit 0
